<?xml version="1.0" encoding="UTF-8"?>
<testng-results ignored="0" total="1" passed="1" failed="0" skipped="0">
  <reporter-output>
  </reporter-output>
  <suite started-at="2022-09-20T12:32:17 IST" name="Default suite" finished-at="2022-09-20T12:32:43 IST" duration-ms="26283">
    <groups>
    </groups>
    <test started-at="2022-09-20T12:32:17 IST" name="Default test" finished-at="2022-09-20T12:32:43 IST" duration-ms="26283">
      <class name="task.CaptureRedmiTest">
        <test-method signature="captureRedmiTask()[pri:0, instance:task.CaptureRedmiTest@6af93788]" started-at="2022-09-20T12:32:17 IST" name="captureRedmiTask" finished-at="2022-09-20T12:32:43 IST" duration-ms="25933" status="PASS">
          <reporter-output>
          </reporter-output>
        </test-method> <!-- captureRedmiTask -->
      </class> <!-- task.CaptureRedmiTest -->
    </test> <!-- Default test -->
  </suite> <!-- Default suite -->
</testng-results>
